<?xml version="1.0" encoding="UTF-8"?>
<!-- Generated by org.testng.reporters.JUnitXMLReporter -->
<testsuite ignored="2" hostname="ITS0568.local" failures="0" tests="3" name="Test" time="27.364" errors="0" timestamp="19 May 2020 21:30:25 GMT">
  <testcase classname="Verifyhomepage.page1Test" name="GBpageone" time="10.007"/>
  <testcase classname="categoryNavigation.validateNavigationTest" name="mainPageNavValidation" time="12.578"/>
  <testcase classname="categoryNavigation.validateNavigationTest" name="filterValidation" time="0.379"/>
  <testcase classname="Verifyhomepage.page1Test" name="InternationalLogin" time="0.0">
    <ignored/>
  </testcase> <!-- InternationalLogin -->
  <testcase classname="Verifyhomepage.page1Test" name="InternationalPage" time="0.0">
    <ignored/>
  </testcase> <!-- InternationalPage -->
</testsuite> <!-- Test -->
