<?xml version="1.0" encoding="UTF-8"?>
<testng-results ignored="1" total="3" passed="1" failed="1" skipped="0">
  <reporter-output>
  </reporter-output>
  <suite started-at="2020-05-20T15:55:43Z" name="Default suite" finished-at="2020-05-20T15:55:54Z" duration-ms="11037">
    <groups>
      <group name="Regression">
        <method signature="validateNavigationTest.mainPageNavValidation()[pri:1, instance:categoryNavigation.validateNavigationTest@587e5365]" name="mainPageNavValidation" class="categoryNavigation.validateNavigationTest"/>
      </group> <!-- Regression -->
    </groups>
    <test started-at="2020-05-20T15:55:43Z" name="Default test" finished-at="2020-05-20T15:55:54Z" duration-ms="11037">
      <class name="categoryNavigation.validateNavigationTest">
        <test-method signature="mainPageNavValidation()[pri:1, instance:categoryNavigation.validateNavigationTest@587e5365]" started-at="2020-05-20T15:55:43Z" name="mainPageNavValidation" finished-at="2020-05-20T15:55:54Z" duration-ms="10986" status="PASS">
          <reporter-output>
          </reporter-output>
        </test-method> <!-- mainPageNavValidation -->
        <test-method signature="pdpValidation()[pri:2, instance:categoryNavigation.validateNavigationTest@587e5365]" started-at="2020-05-20T15:55:54Z" name="pdpValidation" finished-at="2020-05-20T15:55:54Z" duration-ms="20" status="FAIL">
          <exception class="org.testng.internal.thread.ThreadTimeoutException">
            <message>
              <![CDATA[Method categoryNavigation.validateNavigationTest.pdpValidation() didn't finish within the time-out 10]]>
            </message>
            <full-stacktrace>
              <![CDATA[org.testng.internal.thread.ThreadTimeoutException: Method categoryNavigation.validateNavigationTest.pdpValidation() didn't finish within the time-out 10
]]>
            </full-stacktrace>
          </exception> <!-- org.testng.internal.thread.ThreadTimeoutException -->
          <reporter-output>
          </reporter-output>
        </test-method> <!-- pdpValidation -->
      </class> <!-- categoryNavigation.validateNavigationTest -->
    </test> <!-- Default test -->
  </suite> <!-- Default suite -->
</testng-results>
